[0.416s] Invoking command in '/home/sam/ros2-tutorial-files/launch_ws/src/py_launch_example': PYTHONPATH=/home/sam/ros2-tutorial-files/launch_ws/build/py_launch_example/prefix_override:/home/sam/ros2-tutorial-files/launch_ws/install/py_launch_example/lib/python3.10/site-packages:${PYTHONPATH} /usr/bin/python3 setup.py egg_info --egg-base ../../build/py_launch_example build --build-base /home/sam/ros2-tutorial-files/launch_ws/build/py_launch_example/build install --record /home/sam/ros2-tutorial-files/launch_ws/build/py_launch_example/install.log --single-version-externally-managed
[0.580s] running egg_info
[0.581s] creating ../../build/py_launch_example/py_launch_example.egg-info
[0.581s] writing ../../build/py_launch_example/py_launch_example.egg-info/PKG-INFO
[0.581s] writing dependency_links to ../../build/py_launch_example/py_launch_example.egg-info/dependency_links.txt
[0.581s] writing entry points to ../../build/py_launch_example/py_launch_example.egg-info/entry_points.txt
[0.581s] writing requirements to ../../build/py_launch_example/py_launch_example.egg-info/requires.txt
[0.581s] writing top-level names to ../../build/py_launch_example/py_launch_example.egg-info/top_level.txt
[0.581s] writing manifest file '../../build/py_launch_example/py_launch_example.egg-info/SOURCES.txt'
[0.582s] reading manifest file '../../build/py_launch_example/py_launch_example.egg-info/SOURCES.txt'
[0.583s] writing manifest file '../../build/py_launch_example/py_launch_example.egg-info/SOURCES.txt'
[0.583s] running build
[0.583s] running build_py
[0.583s] creating /home/sam/ros2-tutorial-files/launch_ws/build/py_launch_example/build
[0.583s] creating /home/sam/ros2-tutorial-files/launch_ws/build/py_launch_example/build/lib
[0.584s] creating /home/sam/ros2-tutorial-files/launch_ws/build/py_launch_example/build/lib/py_launch_example
[0.584s] copying py_launch_example/__init__.py -> /home/sam/ros2-tutorial-files/launch_ws/build/py_launch_example/build/lib/py_launch_example
[0.584s] /usr/lib/python3/dist-packages/setuptools/command/install.py:34: SetuptoolsDeprecationWarning: setup.py install is deprecated. Use build and pip and other standards-based tools.
[0.584s]   warnings.warn(
[0.584s] running install
[0.584s] running install_lib
[0.584s] creating /home/sam/ros2-tutorial-files/launch_ws/install/py_launch_example/lib/python3.10/site-packages/py_launch_example
[0.584s] copying /home/sam/ros2-tutorial-files/launch_ws/build/py_launch_example/build/lib/py_launch_example/__init__.py -> /home/sam/ros2-tutorial-files/launch_ws/install/py_launch_example/lib/python3.10/site-packages/py_launch_example
[0.585s] byte-compiling /home/sam/ros2-tutorial-files/launch_ws/install/py_launch_example/lib/python3.10/site-packages/py_launch_example/__init__.py to __init__.cpython-310.pyc
[0.585s] running install_data
[0.585s] creating /home/sam/ros2-tutorial-files/launch_ws/install/py_launch_example/share/ament_index
[0.585s] creating /home/sam/ros2-tutorial-files/launch_ws/install/py_launch_example/share/ament_index/resource_index
[0.585s] creating /home/sam/ros2-tutorial-files/launch_ws/install/py_launch_example/share/ament_index/resource_index/packages
[0.585s] copying resource/py_launch_example -> /home/sam/ros2-tutorial-files/launch_ws/install/py_launch_example/share/ament_index/resource_index/packages
[0.585s] copying package.xml -> /home/sam/ros2-tutorial-files/launch_ws/install/py_launch_example/share/py_launch_example
[0.585s] copying launch/my_script_launch.py -> /home/sam/ros2-tutorial-files/launch_ws/install/py_launch_example/share/py_launch_example
[0.585s] running install_egg_info
[0.586s] Copying ../../build/py_launch_example/py_launch_example.egg-info to /home/sam/ros2-tutorial-files/launch_ws/install/py_launch_example/lib/python3.10/site-packages/py_launch_example-0.0.0-py3.10.egg-info
[0.587s] running install_scripts
[0.601s] writing list of installed files to '/home/sam/ros2-tutorial-files/launch_ws/build/py_launch_example/install.log'
[0.619s] Invoked command in '/home/sam/ros2-tutorial-files/launch_ws/src/py_launch_example' returned '0': PYTHONPATH=/home/sam/ros2-tutorial-files/launch_ws/build/py_launch_example/prefix_override:/home/sam/ros2-tutorial-files/launch_ws/install/py_launch_example/lib/python3.10/site-packages:${PYTHONPATH} /usr/bin/python3 setup.py egg_info --egg-base ../../build/py_launch_example build --build-base /home/sam/ros2-tutorial-files/launch_ws/build/py_launch_example/build install --record /home/sam/ros2-tutorial-files/launch_ws/build/py_launch_example/install.log --single-version-externally-managed
