[0.009s] Invoking command in '/home/sam/ros2-tutorial-files/ros2_ws/build/learning_tf2_cpp': CMAKE_PREFIX_PATH=${CMAKE_PREFIX_PATH}:/home/sam/ros2-tutorial-files/launch_ws/install/py_launch_example:/home/sam/ros2-tutorial-files/launch_ws/install/launch_tutorial:/opt/ros/humble /usr/bin/cmake --build /home/sam/ros2-tutorial-files/ros2_ws/build/learning_tf2_cpp -- -j6 -l6
[0.035s] -- Found ament_cmake: 1.3.3 (/opt/ros/humble/share/ament_cmake/cmake)
[0.151s] -- Found geometry_msgs: 4.2.2 (/opt/ros/humble/share/geometry_msgs/cmake)
[0.170s] -- Found rosidl_generator_c: 3.1.4 (/opt/ros/humble/share/rosidl_generator_c/cmake)
[0.172s] -- Found rosidl_adapter: 3.1.4 (/opt/ros/humble/share/rosidl_adapter/cmake)
[0.176s] -- Found rosidl_generator_cpp: 3.1.4 (/opt/ros/humble/share/rosidl_generator_cpp/cmake)
[0.185s] -- Using all available rosidl_typesupport_c: rosidl_typesupport_fastrtps_c;rosidl_typesupport_introspection_c
[0.197s] -- Using all available rosidl_typesupport_cpp: rosidl_typesupport_fastrtps_cpp;rosidl_typesupport_introspection_cpp
[0.313s] -- Found rclcpp: 16.0.2 (/opt/ros/humble/share/rclcpp/cmake)
[0.353s] -- Found rmw_implementation_cmake: 6.1.1 (/opt/ros/humble/share/rmw_implementation_cmake/cmake)
[0.354s] -- Found rmw_fastrtps_cpp: 6.2.2 (/opt/ros/humble/share/rmw_fastrtps_cpp/cmake)
[0.437s] -- Using RMW implementation 'rmw_fastrtps_cpp' as default
[0.543s] -- Found tf2: 0.25.1 (/opt/ros/humble/share/tf2/cmake)
[0.549s] -- Found tf2_ros: 0.25.1 (/opt/ros/humble/share/tf2_ros/cmake)
[0.821s] -- Found turtlesim: 1.4.2 (/opt/ros/humble/share/turtlesim/cmake)
[0.861s] -- Found ament_lint_auto: 0.12.4 (/opt/ros/humble/share/ament_lint_auto/cmake)
[0.925s] -- Added test 'cppcheck' to perform static code analysis on C / C++ code
[0.925s] -- Configured cppcheck include dirs: 
[0.925s] -- Configured cppcheck exclude dirs and/or files: 
[0.925s] -- Added test 'flake8' to check Python code syntax and style conventions
[0.926s] -- Added test 'lint_cmake' to check CMake code style
[0.926s] -- Added test 'pep257' to check Python code against some of the docstring style conventions in PEP 257
[0.926s] -- Added test 'uncrustify' to check C / C++ code style
[0.926s] -- Configured uncrustify additional arguments: 
[0.926s] -- Added test 'xmllint' to check XML markup files
[0.927s] -- Configuring done
[0.940s] -- Generating done
[0.942s] -- Build files have been written to: /home/sam/ros2-tutorial-files/ros2_ws/build/learning_tf2_cpp
[0.960s] [35m[1mConsolidate compiler generated dependencies of target static_turtle_tf2_broadcaster[0m
[0.960s] [35m[1mConsolidate compiler generated dependencies of target turtle_tf2_broadcaster[0m
[0.966s] [ 16%] [32mBuilding CXX object CMakeFiles/turtle_tf2_listener.dir/src/turtle_tf2_listener.cpp.o[0m
[0.971s] [ 66%] Built target static_turtle_tf2_broadcaster
[0.971s] [ 83%] Built target turtle_tf2_broadcaster
[5.566s] [100%] [32m[1mLinking CXX executable turtle_tf2_listener[0m
[5.767s] [100%] Built target turtle_tf2_listener
[5.773s] Invoked command in '/home/sam/ros2-tutorial-files/ros2_ws/build/learning_tf2_cpp' returned '0': CMAKE_PREFIX_PATH=${CMAKE_PREFIX_PATH}:/home/sam/ros2-tutorial-files/launch_ws/install/py_launch_example:/home/sam/ros2-tutorial-files/launch_ws/install/launch_tutorial:/opt/ros/humble /usr/bin/cmake --build /home/sam/ros2-tutorial-files/ros2_ws/build/learning_tf2_cpp -- -j6 -l6
[5.796s] Invoking command in '/home/sam/ros2-tutorial-files/ros2_ws/build/learning_tf2_cpp': CMAKE_PREFIX_PATH=${CMAKE_PREFIX_PATH}:/home/sam/ros2-tutorial-files/launch_ws/install/py_launch_example:/home/sam/ros2-tutorial-files/launch_ws/install/launch_tutorial:/opt/ros/humble /usr/bin/cmake --install /home/sam/ros2-tutorial-files/ros2_ws/build/learning_tf2_cpp
[5.800s] -- Install configuration: ""
[5.800s] -- Up-to-date: /home/sam/ros2-tutorial-files/ros2_ws/install/learning_tf2_cpp/lib/learning_tf2_cpp/static_turtle_tf2_broadcaster
[5.800s] -- Up-to-date: /home/sam/ros2-tutorial-files/ros2_ws/install/learning_tf2_cpp/lib/learning_tf2_cpp/turtle_tf2_broadcaster
[5.801s] -- Up-to-date: /home/sam/ros2-tutorial-files/ros2_ws/install/learning_tf2_cpp/share/learning_tf2_cpp/launch
[5.801s] -- Installing: /home/sam/ros2-tutorial-files/ros2_ws/install/learning_tf2_cpp/share/learning_tf2_cpp/launch/turtle_tf2_demo.launch.py
[5.801s] -- Installing: /home/sam/ros2-tutorial-files/ros2_ws/install/learning_tf2_cpp/lib/learning_tf2_cpp/turtle_tf2_listener
[5.802s] -- Set runtime path of "/home/sam/ros2-tutorial-files/ros2_ws/install/learning_tf2_cpp/lib/learning_tf2_cpp/turtle_tf2_listener" to ""
[5.802s] -- Up-to-date: /home/sam/ros2-tutorial-files/ros2_ws/install/learning_tf2_cpp/share/ament_index/resource_index/package_run_dependencies/learning_tf2_cpp
[5.802s] -- Installing: /home/sam/ros2-tutorial-files/ros2_ws/install/learning_tf2_cpp/share/ament_index/resource_index/parent_prefix_path/learning_tf2_cpp
[5.802s] -- Up-to-date: /home/sam/ros2-tutorial-files/ros2_ws/install/learning_tf2_cpp/share/learning_tf2_cpp/environment/ament_prefix_path.sh
[5.802s] -- Installing: /home/sam/ros2-tutorial-files/ros2_ws/install/learning_tf2_cpp/share/learning_tf2_cpp/environment/ament_prefix_path.dsv
[5.802s] -- Up-to-date: /home/sam/ros2-tutorial-files/ros2_ws/install/learning_tf2_cpp/share/learning_tf2_cpp/environment/path.sh
[5.802s] -- Installing: /home/sam/ros2-tutorial-files/ros2_ws/install/learning_tf2_cpp/share/learning_tf2_cpp/environment/path.dsv
[5.802s] -- Up-to-date: /home/sam/ros2-tutorial-files/ros2_ws/install/learning_tf2_cpp/share/learning_tf2_cpp/local_setup.bash
[5.802s] -- Up-to-date: /home/sam/ros2-tutorial-files/ros2_ws/install/learning_tf2_cpp/share/learning_tf2_cpp/local_setup.sh
[5.802s] -- Up-to-date: /home/sam/ros2-tutorial-files/ros2_ws/install/learning_tf2_cpp/share/learning_tf2_cpp/local_setup.zsh
[5.803s] -- Installing: /home/sam/ros2-tutorial-files/ros2_ws/install/learning_tf2_cpp/share/learning_tf2_cpp/local_setup.dsv
[5.803s] -- Installing: /home/sam/ros2-tutorial-files/ros2_ws/install/learning_tf2_cpp/share/learning_tf2_cpp/package.dsv
[5.803s] -- Up-to-date: /home/sam/ros2-tutorial-files/ros2_ws/install/learning_tf2_cpp/share/ament_index/resource_index/packages/learning_tf2_cpp
[5.803s] -- Up-to-date: /home/sam/ros2-tutorial-files/ros2_ws/install/learning_tf2_cpp/share/learning_tf2_cpp/cmake/learning_tf2_cppConfig.cmake
[5.803s] -- Up-to-date: /home/sam/ros2-tutorial-files/ros2_ws/install/learning_tf2_cpp/share/learning_tf2_cpp/cmake/learning_tf2_cppConfig-version.cmake
[5.803s] -- Up-to-date: /home/sam/ros2-tutorial-files/ros2_ws/install/learning_tf2_cpp/share/learning_tf2_cpp/package.xml
[5.804s] Invoked command in '/home/sam/ros2-tutorial-files/ros2_ws/build/learning_tf2_cpp' returned '0': CMAKE_PREFIX_PATH=${CMAKE_PREFIX_PATH}:/home/sam/ros2-tutorial-files/launch_ws/install/py_launch_example:/home/sam/ros2-tutorial-files/launch_ws/install/launch_tutorial:/opt/ros/humble /usr/bin/cmake --install /home/sam/ros2-tutorial-files/ros2_ws/build/learning_tf2_cpp
