[0.215s] DEBUG:colcon:Command line arguments: ['/usr/bin/colcon', 'build']
[0.215s] DEBUG:colcon:Parsed command line arguments: Namespace(log_base=None, log_level=None, verb_name='build', build_base='build', install_base='install', merge_install=False, symlink_install=False, test_result_base=None, continue_on_error=False, executor='parallel', parallel_workers=6, event_handlers=None, ignore_user_meta=False, metas=['./colcon.meta'], base_paths=['.'], packages_ignore=None, packages_ignore_regex=None, paths=None, packages_up_to=None, packages_up_to_regex=None, packages_above=None, packages_above_and_dependencies=None, packages_above_depth=None, packages_select_by_dep=None, packages_skip_by_dep=None, packages_skip_up_to=None, packages_select_build_failed=False, packages_skip_build_finished=False, packages_select_test_failures=False, packages_skip_test_passed=False, packages_select=None, packages_skip=None, packages_select_regex=None, packages_skip_regex=None, packages_start=None, packages_end=None, allow_overriding=[], cmake_args=None, cmake_target=None, cmake_target_skip_unavailable=False, cmake_clean_cache=False, cmake_clean_first=False, cmake_force_configure=False, ament_cmake_args=None, catkin_cmake_args=None, catkin_skip_building_tests=False, verb_parser=<colcon_defaults.argument_parser.defaults.DefaultArgumentsDecorator object at 0x7f8d405cc610>, verb_extension=<colcon_core.verb.build.BuildVerb object at 0x7f8d40f07130>, main=<bound method BuildVerb.main of <colcon_core.verb.build.BuildVerb object at 0x7f8d40f07130>>)
[0.231s] Level 1:colcon.colcon_core.package_discovery:discover_packages(colcon_meta) check parameters
[0.231s] Level 1:colcon.colcon_core.package_discovery:discover_packages(recursive) check parameters
[0.231s] Level 1:colcon.colcon_core.package_discovery:discover_packages(ignore) check parameters
[0.231s] Level 1:colcon.colcon_core.package_discovery:discover_packages(path) check parameters
[0.231s] Level 1:colcon.colcon_core.package_discovery:discover_packages(colcon_meta) discover
[0.231s] Level 1:colcon.colcon_core.package_discovery:discover_packages(recursive) discover
[0.231s] INFO:colcon.colcon_core.package_discovery:Crawling recursively for packages in '/home/sam/ros2-tutorial-files/launch_ws'
[0.231s] Level 1:colcon.colcon_core.package_identification:_identify(.) by extensions ['ignore', 'ignore_ament_install']
[0.231s] Level 1:colcon.colcon_core.package_identification:_identify(.) by extension 'ignore'
[0.231s] Level 1:colcon.colcon_core.package_identification:_identify(.) by extension 'ignore_ament_install'
[0.231s] Level 1:colcon.colcon_core.package_identification:_identify(.) by extensions ['colcon_pkg']
[0.231s] Level 1:colcon.colcon_core.package_identification:_identify(.) by extension 'colcon_pkg'
[0.231s] Level 1:colcon.colcon_core.package_identification:_identify(.) by extensions ['colcon_meta']
[0.231s] Level 1:colcon.colcon_core.package_identification:_identify(.) by extension 'colcon_meta'
[0.231s] Level 1:colcon.colcon_core.package_identification:_identify(.) by extensions ['ros']
[0.231s] Level 1:colcon.colcon_core.package_identification:_identify(.) by extension 'ros'
[0.245s] Level 1:colcon.colcon_core.package_identification:_identify(.) by extensions ['cmake', 'python']
[0.245s] Level 1:colcon.colcon_core.package_identification:_identify(.) by extension 'cmake'
[0.245s] Level 1:colcon.colcon_core.package_identification:_identify(.) by extension 'python'
[0.245s] Level 1:colcon.colcon_core.package_identification:_identify(.) by extensions ['python_setup_py']
[0.246s] Level 1:colcon.colcon_core.package_identification:_identify(.) by extension 'python_setup_py'
[0.246s] Level 1:colcon.colcon_core.package_identification:_identify(build) by extensions ['ignore', 'ignore_ament_install']
[0.246s] Level 1:colcon.colcon_core.package_identification:_identify(build) by extension 'ignore'
[0.246s] Level 1:colcon.colcon_core.package_identification:_identify(build) ignored
[0.246s] Level 1:colcon.colcon_core.package_identification:_identify(install) by extensions ['ignore', 'ignore_ament_install']
[0.246s] Level 1:colcon.colcon_core.package_identification:_identify(install) by extension 'ignore'
[0.246s] Level 1:colcon.colcon_core.package_identification:_identify(install) ignored
[0.246s] Level 1:colcon.colcon_core.package_identification:_identify(log) by extensions ['ignore', 'ignore_ament_install']
[0.246s] Level 1:colcon.colcon_core.package_identification:_identify(log) by extension 'ignore'
[0.246s] Level 1:colcon.colcon_core.package_identification:_identify(log) ignored
[0.246s] Level 1:colcon.colcon_core.package_identification:_identify(src) by extensions ['ignore', 'ignore_ament_install']
[0.246s] Level 1:colcon.colcon_core.package_identification:_identify(src) by extension 'ignore'
[0.246s] Level 1:colcon.colcon_core.package_identification:_identify(src) by extension 'ignore_ament_install'
[0.246s] Level 1:colcon.colcon_core.package_identification:_identify(src) by extensions ['colcon_pkg']
[0.246s] Level 1:colcon.colcon_core.package_identification:_identify(src) by extension 'colcon_pkg'
[0.246s] Level 1:colcon.colcon_core.package_identification:_identify(src) by extensions ['colcon_meta']
[0.246s] Level 1:colcon.colcon_core.package_identification:_identify(src) by extension 'colcon_meta'
[0.246s] Level 1:colcon.colcon_core.package_identification:_identify(src) by extensions ['ros']
[0.246s] Level 1:colcon.colcon_core.package_identification:_identify(src) by extension 'ros'
[0.247s] Level 1:colcon.colcon_core.package_identification:_identify(src) by extensions ['cmake', 'python']
[0.247s] Level 1:colcon.colcon_core.package_identification:_identify(src) by extension 'cmake'
[0.247s] Level 1:colcon.colcon_core.package_identification:_identify(src) by extension 'python'
[0.247s] Level 1:colcon.colcon_core.package_identification:_identify(src) by extensions ['python_setup_py']
[0.247s] Level 1:colcon.colcon_core.package_identification:_identify(src) by extension 'python_setup_py'
[0.247s] Level 1:colcon.colcon_core.package_identification:_identify(src/launch_tutorial) by extensions ['ignore', 'ignore_ament_install']
[0.247s] Level 1:colcon.colcon_core.package_identification:_identify(src/launch_tutorial) by extension 'ignore'
[0.247s] Level 1:colcon.colcon_core.package_identification:_identify(src/launch_tutorial) by extension 'ignore_ament_install'
[0.247s] Level 1:colcon.colcon_core.package_identification:_identify(src/launch_tutorial) by extensions ['colcon_pkg']
[0.247s] Level 1:colcon.colcon_core.package_identification:_identify(src/launch_tutorial) by extension 'colcon_pkg'
[0.247s] Level 1:colcon.colcon_core.package_identification:_identify(src/launch_tutorial) by extensions ['colcon_meta']
[0.247s] Level 1:colcon.colcon_core.package_identification:_identify(src/launch_tutorial) by extension 'colcon_meta'
[0.247s] Level 1:colcon.colcon_core.package_identification:_identify(src/launch_tutorial) by extensions ['ros']
[0.247s] Level 1:colcon.colcon_core.package_identification:_identify(src/launch_tutorial) by extension 'ros'
[0.249s] DEBUG:colcon.colcon_core.package_identification:Package 'src/launch_tutorial' with type 'ros.ament_python' and name 'launch_tutorial'
[0.249s] Level 1:colcon.colcon_core.package_identification:_identify(src/py_launch_example) by extensions ['ignore', 'ignore_ament_install']
[0.249s] Level 1:colcon.colcon_core.package_identification:_identify(src/py_launch_example) by extension 'ignore'
[0.249s] Level 1:colcon.colcon_core.package_identification:_identify(src/py_launch_example) by extension 'ignore_ament_install'
[0.249s] Level 1:colcon.colcon_core.package_identification:_identify(src/py_launch_example) by extensions ['colcon_pkg']
[0.249s] Level 1:colcon.colcon_core.package_identification:_identify(src/py_launch_example) by extension 'colcon_pkg'
[0.249s] Level 1:colcon.colcon_core.package_identification:_identify(src/py_launch_example) by extensions ['colcon_meta']
[0.249s] Level 1:colcon.colcon_core.package_identification:_identify(src/py_launch_example) by extension 'colcon_meta'
[0.249s] Level 1:colcon.colcon_core.package_identification:_identify(src/py_launch_example) by extensions ['ros']
[0.249s] Level 1:colcon.colcon_core.package_identification:_identify(src/py_launch_example) by extension 'ros'
[0.250s] DEBUG:colcon.colcon_core.package_identification:Package 'src/py_launch_example' with type 'ros.ament_python' and name 'py_launch_example'
[0.250s] Level 1:colcon.colcon_core.package_discovery:discover_packages(recursive) using defaults
[0.250s] Level 1:colcon.colcon_core.package_discovery:discover_packages(ignore) discover
[0.250s] Level 1:colcon.colcon_core.package_discovery:discover_packages(ignore) using defaults
[0.250s] Level 1:colcon.colcon_core.package_discovery:discover_packages(path) discover
[0.250s] Level 1:colcon.colcon_core.package_discovery:discover_packages(path) using defaults
[0.268s] Level 1:colcon.colcon_core.package_discovery:discover_packages(prefix_path) check parameters
[0.268s] Level 1:colcon.colcon_core.package_discovery:discover_packages(prefix_path) discover
[0.269s] DEBUG:colcon.colcon_installed_package_information.package_discovery:Found 1 installed packages in /home/sam/ros2-tutorial-files/launch_ws/install
[0.270s] DEBUG:colcon.colcon_installed_package_information.package_discovery:Found 270 installed packages in /opt/ros/humble
[0.271s] Level 1:colcon.colcon_core.package_discovery:discover_packages(prefix_path) using defaults
[0.315s] Level 5:colcon.colcon_core.verb:set package 'launch_tutorial' build argument 'cmake_args' from command line to 'None'
[0.315s] Level 5:colcon.colcon_core.verb:set package 'launch_tutorial' build argument 'cmake_target' from command line to 'None'
[0.315s] Level 5:colcon.colcon_core.verb:set package 'launch_tutorial' build argument 'cmake_target_skip_unavailable' from command line to 'False'
[0.315s] Level 5:colcon.colcon_core.verb:set package 'launch_tutorial' build argument 'cmake_clean_cache' from command line to 'False'
[0.315s] Level 5:colcon.colcon_core.verb:set package 'launch_tutorial' build argument 'cmake_clean_first' from command line to 'False'
[0.315s] Level 5:colcon.colcon_core.verb:set package 'launch_tutorial' build argument 'cmake_force_configure' from command line to 'False'
[0.315s] Level 5:colcon.colcon_core.verb:set package 'launch_tutorial' build argument 'ament_cmake_args' from command line to 'None'
[0.315s] Level 5:colcon.colcon_core.verb:set package 'launch_tutorial' build argument 'catkin_cmake_args' from command line to 'None'
[0.315s] Level 5:colcon.colcon_core.verb:set package 'launch_tutorial' build argument 'catkin_skip_building_tests' from command line to 'False'
[0.315s] DEBUG:colcon.colcon_core.verb:Building package 'launch_tutorial' with the following arguments: {'ament_cmake_args': None, 'build_base': '/home/sam/ros2-tutorial-files/launch_ws/build/launch_tutorial', 'catkin_cmake_args': None, 'catkin_skip_building_tests': False, 'cmake_args': None, 'cmake_clean_cache': False, 'cmake_clean_first': False, 'cmake_force_configure': False, 'cmake_target': None, 'cmake_target_skip_unavailable': False, 'install_base': '/home/sam/ros2-tutorial-files/launch_ws/install/launch_tutorial', 'merge_install': False, 'path': '/home/sam/ros2-tutorial-files/launch_ws/src/launch_tutorial', 'symlink_install': False, 'test_result_base': None}
[0.316s] Level 5:colcon.colcon_core.verb:set package 'py_launch_example' build argument 'cmake_args' from command line to 'None'
[0.316s] Level 5:colcon.colcon_core.verb:set package 'py_launch_example' build argument 'cmake_target' from command line to 'None'
[0.316s] Level 5:colcon.colcon_core.verb:set package 'py_launch_example' build argument 'cmake_target_skip_unavailable' from command line to 'False'
[0.316s] Level 5:colcon.colcon_core.verb:set package 'py_launch_example' build argument 'cmake_clean_cache' from command line to 'False'
[0.316s] Level 5:colcon.colcon_core.verb:set package 'py_launch_example' build argument 'cmake_clean_first' from command line to 'False'
[0.316s] Level 5:colcon.colcon_core.verb:set package 'py_launch_example' build argument 'cmake_force_configure' from command line to 'False'
[0.316s] Level 5:colcon.colcon_core.verb:set package 'py_launch_example' build argument 'ament_cmake_args' from command line to 'None'
[0.316s] Level 5:colcon.colcon_core.verb:set package 'py_launch_example' build argument 'catkin_cmake_args' from command line to 'None'
[0.316s] Level 5:colcon.colcon_core.verb:set package 'py_launch_example' build argument 'catkin_skip_building_tests' from command line to 'False'
[0.316s] DEBUG:colcon.colcon_core.verb:Building package 'py_launch_example' with the following arguments: {'ament_cmake_args': None, 'build_base': '/home/sam/ros2-tutorial-files/launch_ws/build/py_launch_example', 'catkin_cmake_args': None, 'catkin_skip_building_tests': False, 'cmake_args': None, 'cmake_clean_cache': False, 'cmake_clean_first': False, 'cmake_force_configure': False, 'cmake_target': None, 'cmake_target_skip_unavailable': False, 'install_base': '/home/sam/ros2-tutorial-files/launch_ws/install/py_launch_example', 'merge_install': False, 'path': '/home/sam/ros2-tutorial-files/launch_ws/src/py_launch_example', 'symlink_install': False, 'test_result_base': None}
[0.317s] INFO:colcon.colcon_core.executor:Executing jobs using 'parallel' executor
[0.320s] DEBUG:colcon.colcon_parallel_executor.executor.parallel:run_until_complete
[0.320s] INFO:colcon.colcon_ros.task.ament_python.build:Building ROS package in '/home/sam/ros2-tutorial-files/launch_ws/src/launch_tutorial' with build type 'ament_python'
[0.320s] Level 1:colcon.colcon_core.shell:create_environment_hook('launch_tutorial', 'ament_prefix_path')
[0.323s] INFO:colcon.colcon_core.plugin_system:Skipping extension 'colcon_core.shell.bat': Not used on non-Windows systems
[0.323s] INFO:colcon.colcon_core.shell:Creating environment hook '/home/sam/ros2-tutorial-files/launch_ws/install/launch_tutorial/share/launch_tutorial/hook/ament_prefix_path.ps1'
[0.324s] INFO:colcon.colcon_core.shell:Creating environment descriptor '/home/sam/ros2-tutorial-files/launch_ws/install/launch_tutorial/share/launch_tutorial/hook/ament_prefix_path.dsv'
[0.324s] INFO:colcon.colcon_core.shell:Creating environment hook '/home/sam/ros2-tutorial-files/launch_ws/install/launch_tutorial/share/launch_tutorial/hook/ament_prefix_path.sh'
[0.325s] INFO:colcon.colcon_core.shell:Skip shell extension 'powershell' for command environment: Not usable outside of PowerShell
[0.325s] DEBUG:colcon.colcon_core.shell:Skip shell extension 'dsv' for command environment
[0.328s] INFO:colcon.colcon_ros.task.ament_python.build:Building ROS package in '/home/sam/ros2-tutorial-files/launch_ws/src/py_launch_example' with build type 'ament_python'
[0.329s] Level 1:colcon.colcon_core.shell:create_environment_hook('py_launch_example', 'ament_prefix_path')
[0.329s] INFO:colcon.colcon_core.shell:Creating environment hook '/home/sam/ros2-tutorial-files/launch_ws/install/py_launch_example/share/py_launch_example/hook/ament_prefix_path.ps1'
[0.330s] INFO:colcon.colcon_core.shell:Creating environment descriptor '/home/sam/ros2-tutorial-files/launch_ws/install/py_launch_example/share/py_launch_example/hook/ament_prefix_path.dsv'
[0.330s] INFO:colcon.colcon_core.shell:Creating environment hook '/home/sam/ros2-tutorial-files/launch_ws/install/py_launch_example/share/py_launch_example/hook/ament_prefix_path.sh'
[0.332s] INFO:colcon.colcon_core.shell:Skip shell extension 'powershell' for command environment: Not usable outside of PowerShell
[0.332s] DEBUG:colcon.colcon_core.shell:Skip shell extension 'dsv' for command environment
[0.510s] INFO:colcon.colcon_core.task.python.build:Building Python package in '/home/sam/ros2-tutorial-files/launch_ws/src/launch_tutorial'
[0.511s] INFO:colcon.colcon_core.shell:Skip shell extension 'powershell' for command environment: Not usable outside of PowerShell
[0.511s] DEBUG:colcon.colcon_core.shell:Skip shell extension 'dsv' for command environment
[0.689s] INFO:colcon.colcon_core.task.python.build:Building Python package in '/home/sam/ros2-tutorial-files/launch_ws/src/py_launch_example'
[0.690s] INFO:colcon.colcon_core.shell:Skip shell extension 'powershell' for command environment: Not usable outside of PowerShell
[0.690s] DEBUG:colcon.colcon_core.shell:Skip shell extension 'dsv' for command environment
[0.923s] DEBUG:colcon.colcon_core.event_handler.log_command:Invoking command in '/home/sam/ros2-tutorial-files/launch_ws/src/py_launch_example': PYTHONPATH=/home/sam/ros2-tutorial-files/launch_ws/build/py_launch_example/prefix_override:/home/sam/ros2-tutorial-files/launch_ws/install/py_launch_example/lib/python3.10/site-packages:${PYTHONPATH} /usr/bin/python3 setup.py egg_info --egg-base ../../build/py_launch_example build --build-base /home/sam/ros2-tutorial-files/launch_ws/build/py_launch_example/build install --record /home/sam/ros2-tutorial-files/launch_ws/build/py_launch_example/install.log --single-version-externally-managed
[0.934s] DEBUG:colcon.colcon_core.event_handler.log_command:Invoking command in '/home/sam/ros2-tutorial-files/launch_ws/src/launch_tutorial': PYTHONPATH=/home/sam/ros2-tutorial-files/launch_ws/build/launch_tutorial/prefix_override:/home/sam/ros2-tutorial-files/launch_ws/install/launch_tutorial/lib/python3.10/site-packages:${PYTHONPATH} /usr/bin/python3 setup.py egg_info --egg-base ../../build/launch_tutorial build --build-base /home/sam/ros2-tutorial-files/launch_ws/build/launch_tutorial/build install --record /home/sam/ros2-tutorial-files/launch_ws/build/launch_tutorial/install.log --single-version-externally-managed
[1.128s] DEBUG:colcon.colcon_core.event_handler.log_command:Invoked command in '/home/sam/ros2-tutorial-files/launch_ws/src/py_launch_example' returned '0': PYTHONPATH=/home/sam/ros2-tutorial-files/launch_ws/build/py_launch_example/prefix_override:/home/sam/ros2-tutorial-files/launch_ws/install/py_launch_example/lib/python3.10/site-packages:${PYTHONPATH} /usr/bin/python3 setup.py egg_info --egg-base ../../build/py_launch_example build --build-base /home/sam/ros2-tutorial-files/launch_ws/build/py_launch_example/build install --record /home/sam/ros2-tutorial-files/launch_ws/build/py_launch_example/install.log --single-version-externally-managed
[1.131s] Level 1:colcon.colcon_core.environment:checking '/home/sam/ros2-tutorial-files/launch_ws/install/py_launch_example' for CMake module files
[1.131s] Level 1:colcon.colcon_core.environment:checking '/home/sam/ros2-tutorial-files/launch_ws/install/py_launch_example' for CMake config files
[1.131s] Level 1:colcon.colcon_core.environment:checking '/home/sam/ros2-tutorial-files/launch_ws/install/py_launch_example/lib'
[1.132s] Level 1:colcon.colcon_core.environment:checking '/home/sam/ros2-tutorial-files/launch_ws/install/py_launch_example/bin'
[1.132s] Level 1:colcon.colcon_core.environment:checking '/home/sam/ros2-tutorial-files/launch_ws/install/py_launch_example/lib/pkgconfig/py_launch_example.pc'
[1.132s] Level 1:colcon.colcon_core.environment:checking '/home/sam/ros2-tutorial-files/launch_ws/install/py_launch_example/lib/python3.10/site-packages'
[1.132s] Level 1:colcon.colcon_core.shell:create_environment_hook('py_launch_example', 'pythonpath')
[1.133s] INFO:colcon.colcon_core.shell:Creating environment hook '/home/sam/ros2-tutorial-files/launch_ws/install/py_launch_example/share/py_launch_example/hook/pythonpath.ps1'
[1.133s] INFO:colcon.colcon_core.shell:Creating environment descriptor '/home/sam/ros2-tutorial-files/launch_ws/install/py_launch_example/share/py_launch_example/hook/pythonpath.dsv'
[1.133s] INFO:colcon.colcon_core.shell:Creating environment hook '/home/sam/ros2-tutorial-files/launch_ws/install/py_launch_example/share/py_launch_example/hook/pythonpath.sh'
[1.134s] Level 1:colcon.colcon_core.environment:checking '/home/sam/ros2-tutorial-files/launch_ws/install/py_launch_example/bin'
[1.134s] Level 1:colcon.colcon_core.environment:create_environment_scripts_only(py_launch_example)
[1.135s] INFO:colcon.colcon_core.shell:Creating package script '/home/sam/ros2-tutorial-files/launch_ws/install/py_launch_example/share/py_launch_example/package.ps1'
[1.136s] INFO:colcon.colcon_core.shell:Creating package descriptor '/home/sam/ros2-tutorial-files/launch_ws/install/py_launch_example/share/py_launch_example/package.dsv'
[1.136s] INFO:colcon.colcon_core.shell:Creating package script '/home/sam/ros2-tutorial-files/launch_ws/install/py_launch_example/share/py_launch_example/package.sh'
[1.137s] INFO:colcon.colcon_core.shell:Creating package script '/home/sam/ros2-tutorial-files/launch_ws/install/py_launch_example/share/py_launch_example/package.bash'
[1.137s] INFO:colcon.colcon_core.shell:Creating package script '/home/sam/ros2-tutorial-files/launch_ws/install/py_launch_example/share/py_launch_example/package.zsh'
[1.138s] Level 1:colcon.colcon_core.environment:create_file_with_runtime_dependencies(/home/sam/ros2-tutorial-files/launch_ws/install/py_launch_example/share/colcon-core/packages/py_launch_example)
[1.142s] Level 1:colcon.colcon_core.environment:checking '/home/sam/ros2-tutorial-files/launch_ws/install/launch_tutorial' for CMake module files
[1.142s] DEBUG:colcon.colcon_core.event_handler.log_command:Invoked command in '/home/sam/ros2-tutorial-files/launch_ws/src/launch_tutorial' returned '0': PYTHONPATH=/home/sam/ros2-tutorial-files/launch_ws/build/launch_tutorial/prefix_override:/home/sam/ros2-tutorial-files/launch_ws/install/launch_tutorial/lib/python3.10/site-packages:${PYTHONPATH} /usr/bin/python3 setup.py egg_info --egg-base ../../build/launch_tutorial build --build-base /home/sam/ros2-tutorial-files/launch_ws/build/launch_tutorial/build install --record /home/sam/ros2-tutorial-files/launch_ws/build/launch_tutorial/install.log --single-version-externally-managed
[1.143s] Level 1:colcon.colcon_core.environment:checking '/home/sam/ros2-tutorial-files/launch_ws/install/launch_tutorial' for CMake config files
[1.143s] Level 1:colcon.colcon_core.environment:checking '/home/sam/ros2-tutorial-files/launch_ws/install/launch_tutorial/lib'
[1.143s] Level 1:colcon.colcon_core.environment:checking '/home/sam/ros2-tutorial-files/launch_ws/install/launch_tutorial/bin'
[1.143s] Level 1:colcon.colcon_core.environment:checking '/home/sam/ros2-tutorial-files/launch_ws/install/launch_tutorial/lib/pkgconfig/launch_tutorial.pc'
[1.143s] Level 1:colcon.colcon_core.environment:checking '/home/sam/ros2-tutorial-files/launch_ws/install/launch_tutorial/lib/python3.10/site-packages'
[1.143s] Level 1:colcon.colcon_core.shell:create_environment_hook('launch_tutorial', 'pythonpath')
[1.144s] INFO:colcon.colcon_core.shell:Creating environment hook '/home/sam/ros2-tutorial-files/launch_ws/install/launch_tutorial/share/launch_tutorial/hook/pythonpath.ps1'
[1.144s] INFO:colcon.colcon_core.shell:Creating environment descriptor '/home/sam/ros2-tutorial-files/launch_ws/install/launch_tutorial/share/launch_tutorial/hook/pythonpath.dsv'
[1.145s] INFO:colcon.colcon_core.shell:Creating environment hook '/home/sam/ros2-tutorial-files/launch_ws/install/launch_tutorial/share/launch_tutorial/hook/pythonpath.sh'
[1.146s] Level 1:colcon.colcon_core.environment:checking '/home/sam/ros2-tutorial-files/launch_ws/install/launch_tutorial/bin'
[1.146s] Level 1:colcon.colcon_core.environment:create_environment_scripts_only(launch_tutorial)
[1.147s] INFO:colcon.colcon_core.shell:Creating package script '/home/sam/ros2-tutorial-files/launch_ws/install/launch_tutorial/share/launch_tutorial/package.ps1'
[1.147s] INFO:colcon.colcon_core.shell:Creating package descriptor '/home/sam/ros2-tutorial-files/launch_ws/install/launch_tutorial/share/launch_tutorial/package.dsv'
[1.147s] INFO:colcon.colcon_core.shell:Creating package script '/home/sam/ros2-tutorial-files/launch_ws/install/launch_tutorial/share/launch_tutorial/package.sh'
[1.148s] INFO:colcon.colcon_core.shell:Creating package script '/home/sam/ros2-tutorial-files/launch_ws/install/launch_tutorial/share/launch_tutorial/package.bash'
[1.148s] INFO:colcon.colcon_core.shell:Creating package script '/home/sam/ros2-tutorial-files/launch_ws/install/launch_tutorial/share/launch_tutorial/package.zsh'
[1.148s] Level 1:colcon.colcon_core.environment:create_file_with_runtime_dependencies(/home/sam/ros2-tutorial-files/launch_ws/install/launch_tutorial/share/colcon-core/packages/launch_tutorial)
[1.148s] DEBUG:colcon.colcon_parallel_executor.executor.parallel:closing loop
[1.148s] DEBUG:colcon.colcon_parallel_executor.executor.parallel:loop closed
[1.148s] DEBUG:colcon.colcon_parallel_executor.executor.parallel:run_until_complete finished with '0'
[1.148s] DEBUG:colcon.colcon_core.event_reactor:joining thread
[1.153s] INFO:colcon.colcon_core.plugin_system:Skipping extension 'colcon_notification.desktop_notification.terminal_notifier': Not used on non-Darwin systems
[1.153s] INFO:colcon.colcon_core.plugin_system:Skipping extension 'colcon_notification.desktop_notification.win32': Not used on non-Windows systems
[1.153s] INFO:colcon.colcon_notification.desktop_notification:Sending desktop notification using 'notify2'
[1.165s] DEBUG:colcon.colcon_core.event_reactor:joined thread
[1.166s] INFO:colcon.colcon_core.shell:Creating prefix script '/home/sam/ros2-tutorial-files/launch_ws/install/local_setup.ps1'
[1.167s] INFO:colcon.colcon_core.shell:Creating prefix util module '/home/sam/ros2-tutorial-files/launch_ws/install/_local_setup_util_ps1.py'
[1.168s] INFO:colcon.colcon_core.shell:Creating prefix chain script '/home/sam/ros2-tutorial-files/launch_ws/install/setup.ps1'
[1.169s] INFO:colcon.colcon_core.shell:Creating prefix script '/home/sam/ros2-tutorial-files/launch_ws/install/local_setup.sh'
[1.169s] INFO:colcon.colcon_core.shell:Creating prefix util module '/home/sam/ros2-tutorial-files/launch_ws/install/_local_setup_util_sh.py'
[1.169s] INFO:colcon.colcon_core.shell:Creating prefix chain script '/home/sam/ros2-tutorial-files/launch_ws/install/setup.sh'
[1.170s] INFO:colcon.colcon_core.shell:Creating prefix script '/home/sam/ros2-tutorial-files/launch_ws/install/local_setup.bash'
[1.171s] INFO:colcon.colcon_core.shell:Creating prefix chain script '/home/sam/ros2-tutorial-files/launch_ws/install/setup.bash'
[1.172s] INFO:colcon.colcon_core.shell:Creating prefix script '/home/sam/ros2-tutorial-files/launch_ws/install/local_setup.zsh'
[1.172s] INFO:colcon.colcon_core.shell:Creating prefix chain script '/home/sam/ros2-tutorial-files/launch_ws/install/setup.zsh'
