[0.594s] Invoking command in '/home/sam/ros2-tutorial-files/launch_ws/src/py_launch_example': PYTHONPATH=/home/sam/ros2-tutorial-files/launch_ws/build/py_launch_example/prefix_override:/home/sam/ros2-tutorial-files/launch_ws/install/py_launch_example/lib/python3.10/site-packages:${PYTHONPATH} /usr/bin/python3 setup.py egg_info --egg-base ../../build/py_launch_example build --build-base /home/sam/ros2-tutorial-files/launch_ws/build/py_launch_example/build install --record /home/sam/ros2-tutorial-files/launch_ws/build/py_launch_example/install.log --single-version-externally-managed
[0.755s] running egg_info
[0.755s] writing ../../build/py_launch_example/py_launch_example.egg-info/PKG-INFO
[0.755s] writing dependency_links to ../../build/py_launch_example/py_launch_example.egg-info/dependency_links.txt
[0.755s] writing entry points to ../../build/py_launch_example/py_launch_example.egg-info/entry_points.txt
[0.756s] writing requirements to ../../build/py_launch_example/py_launch_example.egg-info/requires.txt
[0.756s] writing top-level names to ../../build/py_launch_example/py_launch_example.egg-info/top_level.txt
[0.757s] reading manifest file '../../build/py_launch_example/py_launch_example.egg-info/SOURCES.txt'
[0.758s] writing manifest file '../../build/py_launch_example/py_launch_example.egg-info/SOURCES.txt'
[0.758s] running build
[0.758s] running build_py
[0.758s] running install
[0.758s] /usr/lib/python3/dist-packages/setuptools/command/install.py:34: SetuptoolsDeprecationWarning: setup.py install is deprecated. Use build and pip and other standards-based tools.
[0.758s]   warnings.warn(
[0.758s] running install_lib
[0.759s] running install_data
[0.759s] running install_egg_info
[0.760s] removing '/home/sam/ros2-tutorial-files/launch_ws/install/py_launch_example/lib/python3.10/site-packages/py_launch_example-0.0.0-py3.10.egg-info' (and everything under it)
[0.761s] Copying ../../build/py_launch_example/py_launch_example.egg-info to /home/sam/ros2-tutorial-files/launch_ws/install/py_launch_example/lib/python3.10/site-packages/py_launch_example-0.0.0-py3.10.egg-info
[0.763s] running install_scripts
[0.777s] writing list of installed files to '/home/sam/ros2-tutorial-files/launch_ws/build/py_launch_example/install.log'
[0.798s] Invoked command in '/home/sam/ros2-tutorial-files/launch_ws/src/py_launch_example' returned '0': PYTHONPATH=/home/sam/ros2-tutorial-files/launch_ws/build/py_launch_example/prefix_override:/home/sam/ros2-tutorial-files/launch_ws/install/py_launch_example/lib/python3.10/site-packages:${PYTHONPATH} /usr/bin/python3 setup.py egg_info --egg-base ../../build/py_launch_example build --build-base /home/sam/ros2-tutorial-files/launch_ws/build/py_launch_example/build install --record /home/sam/ros2-tutorial-files/launch_ws/build/py_launch_example/install.log --single-version-externally-managed
