[0.011s] Invoking command in '/home/sam/ros2-tutorial-files/ros2_ws/build/learning_tf2_cpp': CMAKE_PREFIX_PATH=${CMAKE_PREFIX_PATH}:/home/sam/ros2-tutorial-files/launch_ws/install/py_launch_example:/home/sam/ros2-tutorial-files/launch_ws/install/launch_tutorial:/opt/ros/humble /usr/bin/cmake --build /home/sam/ros2-tutorial-files/ros2_ws/build/learning_tf2_cpp -- -j6 -l6
[0.027s] -- Found ament_cmake: 1.3.3 (/opt/ros/humble/share/ament_cmake/cmake)
[0.132s] -- Found geometry_msgs: 4.2.2 (/opt/ros/humble/share/geometry_msgs/cmake)
[0.152s] -- Found rosidl_generator_c: 3.1.4 (/opt/ros/humble/share/rosidl_generator_c/cmake)
[0.154s] -- Found rosidl_adapter: 3.1.4 (/opt/ros/humble/share/rosidl_adapter/cmake)
[0.158s] -- Found rosidl_generator_cpp: 3.1.4 (/opt/ros/humble/share/rosidl_generator_cpp/cmake)
[0.167s] -- Using all available rosidl_typesupport_c: rosidl_typesupport_fastrtps_c;rosidl_typesupport_introspection_c
[0.181s] -- Using all available rosidl_typesupport_cpp: rosidl_typesupport_fastrtps_cpp;rosidl_typesupport_introspection_cpp
[0.280s] -- Found rclcpp: 16.0.2 (/opt/ros/humble/share/rclcpp/cmake)
[0.318s] -- Found rmw_implementation_cmake: 6.1.1 (/opt/ros/humble/share/rmw_implementation_cmake/cmake)
[0.319s] -- Found rmw_fastrtps_cpp: 6.2.2 (/opt/ros/humble/share/rmw_fastrtps_cpp/cmake)
[0.415s] -- Using RMW implementation 'rmw_fastrtps_cpp' as default
[0.524s] -- Found tf2: 0.25.1 (/opt/ros/humble/share/tf2/cmake)
[0.530s] -- Found tf2_ros: 0.25.1 (/opt/ros/humble/share/tf2_ros/cmake)
[0.810s] -- Found turtlesim: 1.4.2 (/opt/ros/humble/share/turtlesim/cmake)
[0.856s] -- Found ament_lint_auto: 0.12.4 (/opt/ros/humble/share/ament_lint_auto/cmake)
[0.918s] -- Added test 'cppcheck' to perform static code analysis on C / C++ code
[0.919s] -- Configured cppcheck include dirs: 
[0.919s] -- Configured cppcheck exclude dirs and/or files: 
[0.919s] -- Added test 'flake8' to check Python code syntax and style conventions
[0.919s] -- Added test 'lint_cmake' to check CMake code style
[0.920s] -- Added test 'pep257' to check Python code against some of the docstring style conventions in PEP 257
[0.920s] -- Added test 'uncrustify' to check C / C++ code style
[0.920s] -- Configured uncrustify additional arguments: 
[0.921s] -- Added test 'xmllint' to check XML markup files
[0.921s] -- Configuring done
[0.942s] -- Generating done
[0.944s] -- Build files have been written to: /home/sam/ros2-tutorial-files/ros2_ws/build/learning_tf2_cpp
[0.963s] [35m[1mConsolidate compiler generated dependencies of target turtle_tf2_broadcaster[0m
[0.963s] [35m[1mConsolidate compiler generated dependencies of target static_turtle_tf2_broadcaster[0m
[0.963s] [35m[1mConsolidate compiler generated dependencies of target turtle_tf2_listener[0m
[0.963s] [35m[1mConsolidate compiler generated dependencies of target fixed_frame_tf2_broadcaster[0m
[0.974s] [ 10%] [32mBuilding CXX object CMakeFiles/dynamic_frame_tf2_broadcaster.dir/src/dynamic_frame_tf2_broadcaster.cpp.o[0m
[0.976s] [ 60%] Built target static_turtle_tf2_broadcaster
[0.976s] [ 70%] Built target turtle_tf2_broadcaster
[0.976s] [ 70%] Built target fixed_frame_tf2_broadcaster
[0.976s] [ 90%] Built target turtle_tf2_listener
[4.204s] [100%] [32m[1mLinking CXX executable dynamic_frame_tf2_broadcaster[0m
[4.364s] [100%] Built target dynamic_frame_tf2_broadcaster
[4.371s] Invoked command in '/home/sam/ros2-tutorial-files/ros2_ws/build/learning_tf2_cpp' returned '0': CMAKE_PREFIX_PATH=${CMAKE_PREFIX_PATH}:/home/sam/ros2-tutorial-files/launch_ws/install/py_launch_example:/home/sam/ros2-tutorial-files/launch_ws/install/launch_tutorial:/opt/ros/humble /usr/bin/cmake --build /home/sam/ros2-tutorial-files/ros2_ws/build/learning_tf2_cpp -- -j6 -l6
[4.398s] Invoking command in '/home/sam/ros2-tutorial-files/ros2_ws/build/learning_tf2_cpp': CMAKE_PREFIX_PATH=${CMAKE_PREFIX_PATH}:/home/sam/ros2-tutorial-files/launch_ws/install/py_launch_example:/home/sam/ros2-tutorial-files/launch_ws/install/launch_tutorial:/opt/ros/humble /usr/bin/cmake --install /home/sam/ros2-tutorial-files/ros2_ws/build/learning_tf2_cpp
[4.402s] -- Install configuration: ""
[4.402s] -- Up-to-date: /home/sam/ros2-tutorial-files/ros2_ws/install/learning_tf2_cpp/lib/learning_tf2_cpp/static_turtle_tf2_broadcaster
[4.402s] -- Up-to-date: /home/sam/ros2-tutorial-files/ros2_ws/install/learning_tf2_cpp/lib/learning_tf2_cpp/turtle_tf2_broadcaster
[4.402s] -- Up-to-date: /home/sam/ros2-tutorial-files/ros2_ws/install/learning_tf2_cpp/share/learning_tf2_cpp/launch
[4.403s] -- Up-to-date: /home/sam/ros2-tutorial-files/ros2_ws/install/learning_tf2_cpp/share/learning_tf2_cpp/launch/turtle_tf2_demo.launch.py
[4.403s] -- Up-to-date: /home/sam/ros2-tutorial-files/ros2_ws/install/learning_tf2_cpp/share/learning_tf2_cpp/launch/turtle_tf2_fixed_frame_demo.launch.py
[4.403s] -- Installing: /home/sam/ros2-tutorial-files/ros2_ws/install/learning_tf2_cpp/share/learning_tf2_cpp/launch/turtle_tf2_dynamic_frame_demo.launch.py
[4.403s] -- Up-to-date: /home/sam/ros2-tutorial-files/ros2_ws/install/learning_tf2_cpp/lib/learning_tf2_cpp/turtle_tf2_listener
[4.403s] -- Up-to-date: /home/sam/ros2-tutorial-files/ros2_ws/install/learning_tf2_cpp/lib/learning_tf2_cpp/fixed_frame_tf2_broadcaster
[4.403s] -- Installing: /home/sam/ros2-tutorial-files/ros2_ws/install/learning_tf2_cpp/lib/learning_tf2_cpp/dynamic_frame_tf2_broadcaster
[4.404s] -- Set runtime path of "/home/sam/ros2-tutorial-files/ros2_ws/install/learning_tf2_cpp/lib/learning_tf2_cpp/dynamic_frame_tf2_broadcaster" to ""
[4.404s] -- Up-to-date: /home/sam/ros2-tutorial-files/ros2_ws/install/learning_tf2_cpp/share/ament_index/resource_index/package_run_dependencies/learning_tf2_cpp
[4.404s] -- Up-to-date: /home/sam/ros2-tutorial-files/ros2_ws/install/learning_tf2_cpp/share/ament_index/resource_index/parent_prefix_path/learning_tf2_cpp
[4.404s] -- Up-to-date: /home/sam/ros2-tutorial-files/ros2_ws/install/learning_tf2_cpp/share/learning_tf2_cpp/environment/ament_prefix_path.sh
[4.404s] -- Installing: /home/sam/ros2-tutorial-files/ros2_ws/install/learning_tf2_cpp/share/learning_tf2_cpp/environment/ament_prefix_path.dsv
[4.404s] -- Up-to-date: /home/sam/ros2-tutorial-files/ros2_ws/install/learning_tf2_cpp/share/learning_tf2_cpp/environment/path.sh
[4.404s] -- Installing: /home/sam/ros2-tutorial-files/ros2_ws/install/learning_tf2_cpp/share/learning_tf2_cpp/environment/path.dsv
[4.404s] -- Up-to-date: /home/sam/ros2-tutorial-files/ros2_ws/install/learning_tf2_cpp/share/learning_tf2_cpp/local_setup.bash
[4.404s] -- Up-to-date: /home/sam/ros2-tutorial-files/ros2_ws/install/learning_tf2_cpp/share/learning_tf2_cpp/local_setup.sh
[4.404s] -- Up-to-date: /home/sam/ros2-tutorial-files/ros2_ws/install/learning_tf2_cpp/share/learning_tf2_cpp/local_setup.zsh
[4.404s] -- Installing: /home/sam/ros2-tutorial-files/ros2_ws/install/learning_tf2_cpp/share/learning_tf2_cpp/local_setup.dsv
[4.404s] -- Installing: /home/sam/ros2-tutorial-files/ros2_ws/install/learning_tf2_cpp/share/learning_tf2_cpp/package.dsv
[4.404s] -- Up-to-date: /home/sam/ros2-tutorial-files/ros2_ws/install/learning_tf2_cpp/share/ament_index/resource_index/packages/learning_tf2_cpp
[4.405s] -- Up-to-date: /home/sam/ros2-tutorial-files/ros2_ws/install/learning_tf2_cpp/share/learning_tf2_cpp/cmake/learning_tf2_cppConfig.cmake
[4.405s] -- Up-to-date: /home/sam/ros2-tutorial-files/ros2_ws/install/learning_tf2_cpp/share/learning_tf2_cpp/cmake/learning_tf2_cppConfig-version.cmake
[4.405s] -- Up-to-date: /home/sam/ros2-tutorial-files/ros2_ws/install/learning_tf2_cpp/share/learning_tf2_cpp/package.xml
[4.406s] Invoked command in '/home/sam/ros2-tutorial-files/ros2_ws/build/learning_tf2_cpp' returned '0': CMAKE_PREFIX_PATH=${CMAKE_PREFIX_PATH}:/home/sam/ros2-tutorial-files/launch_ws/install/py_launch_example:/home/sam/ros2-tutorial-files/launch_ws/install/launch_tutorial:/opt/ros/humble /usr/bin/cmake --install /home/sam/ros2-tutorial-files/ros2_ws/build/learning_tf2_cpp
