[0.010s] Invoking command in '/home/sam/ros2-tutorial-files/ros2_ws/build/learning_tf2_cpp': CMAKE_PREFIX_PATH=${CMAKE_PREFIX_PATH}:/home/sam/ros2-tutorial-files/launch_ws/install/py_launch_example:/home/sam/ros2-tutorial-files/launch_ws/install/launch_tutorial:/opt/ros/humble /usr/bin/cmake --build /home/sam/ros2-tutorial-files/ros2_ws/build/learning_tf2_cpp -- -j6 -l6
[0.026s] -- Found ament_cmake: 1.3.3 (/opt/ros/humble/share/ament_cmake/cmake)
[0.147s] -- Found geometry_msgs: 4.2.2 (/opt/ros/humble/share/geometry_msgs/cmake)
[0.166s] -- Found rosidl_generator_c: 3.1.4 (/opt/ros/humble/share/rosidl_generator_c/cmake)
[0.168s] -- Found rosidl_adapter: 3.1.4 (/opt/ros/humble/share/rosidl_adapter/cmake)
[0.172s] -- Found rosidl_generator_cpp: 3.1.4 (/opt/ros/humble/share/rosidl_generator_cpp/cmake)
[0.180s] -- Using all available rosidl_typesupport_c: rosidl_typesupport_fastrtps_c;rosidl_typesupport_introspection_c
[0.192s] -- Using all available rosidl_typesupport_cpp: rosidl_typesupport_fastrtps_cpp;rosidl_typesupport_introspection_cpp
[0.285s] -- Found rclcpp: 16.0.2 (/opt/ros/humble/share/rclcpp/cmake)
[0.322s] -- Found rmw_implementation_cmake: 6.1.1 (/opt/ros/humble/share/rmw_implementation_cmake/cmake)
[0.323s] -- Found rmw_fastrtps_cpp: 6.2.2 (/opt/ros/humble/share/rmw_fastrtps_cpp/cmake)
[0.406s] -- Using RMW implementation 'rmw_fastrtps_cpp' as default
[0.519s] -- Found tf2: 0.25.1 (/opt/ros/humble/share/tf2/cmake)
[0.529s] -- Found tf2_ros: 0.25.1 (/opt/ros/humble/share/tf2_ros/cmake)
[0.798s] -- Found turtlesim: 1.4.2 (/opt/ros/humble/share/turtlesim/cmake)
[0.839s] -- Found ament_lint_auto: 0.12.4 (/opt/ros/humble/share/ament_lint_auto/cmake)
[0.897s] -- Added test 'cppcheck' to perform static code analysis on C / C++ code
[0.898s] -- Configured cppcheck include dirs: 
[0.898s] -- Configured cppcheck exclude dirs and/or files: 
[0.898s] -- Added test 'flake8' to check Python code syntax and style conventions
[0.898s] -- Added test 'lint_cmake' to check CMake code style
[0.898s] -- Added test 'pep257' to check Python code against some of the docstring style conventions in PEP 257
[0.899s] -- Added test 'uncrustify' to check C / C++ code style
[0.899s] -- Configured uncrustify additional arguments: 
[0.899s] -- Added test 'xmllint' to check XML markup files
[0.900s] -- Configuring done
[0.922s] -- Generating done
[0.922s] -- Build files have been written to: /home/sam/ros2-tutorial-files/ros2_ws/build/learning_tf2_cpp
[0.946s] [35m[1mConsolidate compiler generated dependencies of target static_turtle_tf2_broadcaster[0m
[0.947s] [35m[1mConsolidate compiler generated dependencies of target turtle_tf2_listener[0m
[0.947s] [35m[1mConsolidate compiler generated dependencies of target turtle_tf2_broadcaster[0m
[0.954s] [ 12%] [32mBuilding CXX object CMakeFiles/fixed_frame_tf2_broadcaster.dir/src/fixed_frame_tf2_broadcaster.cpp.o[0m
[0.956s] [ 37%] Built target static_turtle_tf2_broadcaster
[0.959s] [ 75%] Built target turtle_tf2_broadcaster
[0.959s] [ 87%] Built target turtle_tf2_listener
[4.090s] [100%] [32m[1mLinking CXX executable fixed_frame_tf2_broadcaster[0m
[4.255s] [100%] Built target fixed_frame_tf2_broadcaster
[4.261s] Invoked command in '/home/sam/ros2-tutorial-files/ros2_ws/build/learning_tf2_cpp' returned '0': CMAKE_PREFIX_PATH=${CMAKE_PREFIX_PATH}:/home/sam/ros2-tutorial-files/launch_ws/install/py_launch_example:/home/sam/ros2-tutorial-files/launch_ws/install/launch_tutorial:/opt/ros/humble /usr/bin/cmake --build /home/sam/ros2-tutorial-files/ros2_ws/build/learning_tf2_cpp -- -j6 -l6
[4.286s] Invoking command in '/home/sam/ros2-tutorial-files/ros2_ws/build/learning_tf2_cpp': CMAKE_PREFIX_PATH=${CMAKE_PREFIX_PATH}:/home/sam/ros2-tutorial-files/launch_ws/install/py_launch_example:/home/sam/ros2-tutorial-files/launch_ws/install/launch_tutorial:/opt/ros/humble /usr/bin/cmake --install /home/sam/ros2-tutorial-files/ros2_ws/build/learning_tf2_cpp
[4.290s] -- Install configuration: ""
[4.290s] -- Up-to-date: /home/sam/ros2-tutorial-files/ros2_ws/install/learning_tf2_cpp/lib/learning_tf2_cpp/static_turtle_tf2_broadcaster
[4.290s] -- Up-to-date: /home/sam/ros2-tutorial-files/ros2_ws/install/learning_tf2_cpp/lib/learning_tf2_cpp/turtle_tf2_broadcaster
[4.290s] -- Up-to-date: /home/sam/ros2-tutorial-files/ros2_ws/install/learning_tf2_cpp/share/learning_tf2_cpp/launch
[4.290s] -- Up-to-date: /home/sam/ros2-tutorial-files/ros2_ws/install/learning_tf2_cpp/share/learning_tf2_cpp/launch/turtle_tf2_demo.launch.py
[4.290s] -- Installing: /home/sam/ros2-tutorial-files/ros2_ws/install/learning_tf2_cpp/share/learning_tf2_cpp/launch/turtle_tf2_fixed_frame_demo.launch.py
[4.290s] -- Up-to-date: /home/sam/ros2-tutorial-files/ros2_ws/install/learning_tf2_cpp/lib/learning_tf2_cpp/turtle_tf2_listener
[4.291s] -- Installing: /home/sam/ros2-tutorial-files/ros2_ws/install/learning_tf2_cpp/lib/learning_tf2_cpp/fixed_frame_tf2_broadcaster
[4.291s] -- Set runtime path of "/home/sam/ros2-tutorial-files/ros2_ws/install/learning_tf2_cpp/lib/learning_tf2_cpp/fixed_frame_tf2_broadcaster" to ""
[4.291s] -- Up-to-date: /home/sam/ros2-tutorial-files/ros2_ws/install/learning_tf2_cpp/share/ament_index/resource_index/package_run_dependencies/learning_tf2_cpp
[4.291s] -- Up-to-date: /home/sam/ros2-tutorial-files/ros2_ws/install/learning_tf2_cpp/share/ament_index/resource_index/parent_prefix_path/learning_tf2_cpp
[4.291s] -- Up-to-date: /home/sam/ros2-tutorial-files/ros2_ws/install/learning_tf2_cpp/share/learning_tf2_cpp/environment/ament_prefix_path.sh
[4.292s] -- Installing: /home/sam/ros2-tutorial-files/ros2_ws/install/learning_tf2_cpp/share/learning_tf2_cpp/environment/ament_prefix_path.dsv
[4.292s] -- Up-to-date: /home/sam/ros2-tutorial-files/ros2_ws/install/learning_tf2_cpp/share/learning_tf2_cpp/environment/path.sh
[4.292s] -- Installing: /home/sam/ros2-tutorial-files/ros2_ws/install/learning_tf2_cpp/share/learning_tf2_cpp/environment/path.dsv
[4.292s] -- Up-to-date: /home/sam/ros2-tutorial-files/ros2_ws/install/learning_tf2_cpp/share/learning_tf2_cpp/local_setup.bash
[4.292s] -- Up-to-date: /home/sam/ros2-tutorial-files/ros2_ws/install/learning_tf2_cpp/share/learning_tf2_cpp/local_setup.sh
[4.292s] -- Up-to-date: /home/sam/ros2-tutorial-files/ros2_ws/install/learning_tf2_cpp/share/learning_tf2_cpp/local_setup.zsh
[4.292s] -- Installing: /home/sam/ros2-tutorial-files/ros2_ws/install/learning_tf2_cpp/share/learning_tf2_cpp/local_setup.dsv
[4.292s] -- Installing: /home/sam/ros2-tutorial-files/ros2_ws/install/learning_tf2_cpp/share/learning_tf2_cpp/package.dsv
[4.292s] -- Up-to-date: /home/sam/ros2-tutorial-files/ros2_ws/install/learning_tf2_cpp/share/ament_index/resource_index/packages/learning_tf2_cpp
[4.292s] -- Up-to-date: /home/sam/ros2-tutorial-files/ros2_ws/install/learning_tf2_cpp/share/learning_tf2_cpp/cmake/learning_tf2_cppConfig.cmake
[4.292s] -- Up-to-date: /home/sam/ros2-tutorial-files/ros2_ws/install/learning_tf2_cpp/share/learning_tf2_cpp/cmake/learning_tf2_cppConfig-version.cmake
[4.292s] -- Up-to-date: /home/sam/ros2-tutorial-files/ros2_ws/install/learning_tf2_cpp/share/learning_tf2_cpp/package.xml
[4.293s] Invoked command in '/home/sam/ros2-tutorial-files/ros2_ws/build/learning_tf2_cpp' returned '0': CMAKE_PREFIX_PATH=${CMAKE_PREFIX_PATH}:/home/sam/ros2-tutorial-files/launch_ws/install/py_launch_example:/home/sam/ros2-tutorial-files/launch_ws/install/launch_tutorial:/opt/ros/humble /usr/bin/cmake --install /home/sam/ros2-tutorial-files/ros2_ws/build/learning_tf2_cpp
