[0.600s] Invoking command in '/home/sam/ros2-tutorial-files/launch_ws/src/launch_tutorial': PYTHONPATH=/home/sam/ros2-tutorial-files/launch_ws/build/launch_tutorial/prefix_override:/home/sam/ros2-tutorial-files/launch_ws/install/launch_tutorial/lib/python3.10/site-packages:${PYTHONPATH} /usr/bin/python3 setup.py egg_info --egg-base ../../build/launch_tutorial build --build-base /home/sam/ros2-tutorial-files/launch_ws/build/launch_tutorial/build install --record /home/sam/ros2-tutorial-files/launch_ws/build/launch_tutorial/install.log --single-version-externally-managed
[0.762s] running egg_info
[0.762s] writing ../../build/launch_tutorial/launch_tutorial.egg-info/PKG-INFO
[0.762s] writing dependency_links to ../../build/launch_tutorial/launch_tutorial.egg-info/dependency_links.txt
[0.763s] writing entry points to ../../build/launch_tutorial/launch_tutorial.egg-info/entry_points.txt
[0.763s] writing requirements to ../../build/launch_tutorial/launch_tutorial.egg-info/requires.txt
[0.763s] writing top-level names to ../../build/launch_tutorial/launch_tutorial.egg-info/top_level.txt
[0.764s] reading manifest file '../../build/launch_tutorial/launch_tutorial.egg-info/SOURCES.txt'
[0.765s] writing manifest file '../../build/launch_tutorial/launch_tutorial.egg-info/SOURCES.txt'
[0.765s] running build
[0.765s] running build_py
[0.765s] running install
[0.765s] /usr/lib/python3/dist-packages/setuptools/command/install.py:34: SetuptoolsDeprecationWarning: setup.py install is deprecated. Use build and pip and other standards-based tools.
[0.765s]   warnings.warn(
[0.765s] running install_lib
[0.766s] running install_data
[0.767s] copying launch/fixed_broadcaster.launch.py -> /home/sam/ros2-tutorial-files/launch_ws/install/launch_tutorial/share/launch_tutorial
[0.767s] copying launch/broadcaster_listener.launch.py -> /home/sam/ros2-tutorial-files/launch_ws/install/launch_tutorial/share/launch_tutorial
[0.767s] copying launch/turtlesim_world_3.launch.py -> /home/sam/ros2-tutorial-files/launch_ws/install/launch_tutorial/share/launch_tutorial
[0.767s] copying launch/turtlesim_world_1.launch.py -> /home/sam/ros2-tutorial-files/launch_ws/install/launch_tutorial/share/launch_tutorial
[0.767s] copying launch/launch_turtlesim.launch.py -> /home/sam/ros2-tutorial-files/launch_ws/install/launch_tutorial/share/launch_tutorial
[0.767s] copying launch/turtlesim_world_2.launch.py -> /home/sam/ros2-tutorial-files/launch_ws/install/launch_tutorial/share/launch_tutorial
[0.767s] copying launch/mimic.launch.py -> /home/sam/ros2-tutorial-files/launch_ws/install/launch_tutorial/share/launch_tutorial
[0.767s] copying launch/turtlesim_rviz.launch.py -> /home/sam/ros2-tutorial-files/launch_ws/install/launch_tutorial/share/launch_tutorial
[0.767s] creating /home/sam/ros2-tutorial-files/launch_ws/install/launch_tutorial/share/launch_tutorial/launch
[0.768s] copying launch/fixed_broadcaster.launch.py -> /home/sam/ros2-tutorial-files/launch_ws/install/launch_tutorial/share/launch_tutorial/launch
[0.768s] copying launch/example_substitutions.launch.py -> /home/sam/ros2-tutorial-files/launch_ws/install/launch_tutorial/share/launch_tutorial/launch
[0.768s] copying launch/broadcaster_listener.launch.py -> /home/sam/ros2-tutorial-files/launch_ws/install/launch_tutorial/share/launch_tutorial/launch
[0.768s] copying launch/turtlesim_world_3.launch.py -> /home/sam/ros2-tutorial-files/launch_ws/install/launch_tutorial/share/launch_tutorial/launch
[0.768s] copying launch/example_main.launch.py -> /home/sam/ros2-tutorial-files/launch_ws/install/launch_tutorial/share/launch_tutorial/launch
[0.768s] copying launch/turtlesim_world_1.launch.py -> /home/sam/ros2-tutorial-files/launch_ws/install/launch_tutorial/share/launch_tutorial/launch
[0.768s] copying launch/example_event_handlers.launch.py -> /home/sam/ros2-tutorial-files/launch_ws/install/launch_tutorial/share/launch_tutorial/launch
[0.768s] copying launch/launch_turtlesim.launch.py -> /home/sam/ros2-tutorial-files/launch_ws/install/launch_tutorial/share/launch_tutorial/launch
[0.768s] copying launch/turtlesim_world_2.launch.py -> /home/sam/ros2-tutorial-files/launch_ws/install/launch_tutorial/share/launch_tutorial/launch
[0.768s] copying launch/mimic.launch.py -> /home/sam/ros2-tutorial-files/launch_ws/install/launch_tutorial/share/launch_tutorial/launch
[0.768s] copying launch/turtlesim_rviz.launch.py -> /home/sam/ros2-tutorial-files/launch_ws/install/launch_tutorial/share/launch_tutorial/launch
[0.768s] creating /home/sam/ros2-tutorial-files/launch_ws/install/launch_tutorial/share/launch_tutorial/config
[0.768s] copying config/turtlesim.yaml -> /home/sam/ros2-tutorial-files/launch_ws/install/launch_tutorial/share/launch_tutorial/config
[0.768s] running install_egg_info
[0.769s] removing '/home/sam/ros2-tutorial-files/launch_ws/install/launch_tutorial/lib/python3.10/site-packages/launch_tutorial-0.0.0-py3.10.egg-info' (and everything under it)
[0.769s] Copying ../../build/launch_tutorial/launch_tutorial.egg-info to /home/sam/ros2-tutorial-files/launch_ws/install/launch_tutorial/lib/python3.10/site-packages/launch_tutorial-0.0.0-py3.10.egg-info
[0.770s] running install_scripts
[0.785s] writing list of installed files to '/home/sam/ros2-tutorial-files/launch_ws/build/launch_tutorial/install.log'
[0.808s] Invoked command in '/home/sam/ros2-tutorial-files/launch_ws/src/launch_tutorial' returned '0': PYTHONPATH=/home/sam/ros2-tutorial-files/launch_ws/build/launch_tutorial/prefix_override:/home/sam/ros2-tutorial-files/launch_ws/install/launch_tutorial/lib/python3.10/site-packages:${PYTHONPATH} /usr/bin/python3 setup.py egg_info --egg-base ../../build/launch_tutorial build --build-base /home/sam/ros2-tutorial-files/launch_ws/build/launch_tutorial/build install --record /home/sam/ros2-tutorial-files/launch_ws/build/launch_tutorial/install.log --single-version-externally-managed
