[0.010s] Invoking command in '/home/sam/ros2-tutorial-files/ros2_ws/build/cpp_pubsub': CMAKE_PREFIX_PATH=${CMAKE_PREFIX_PATH}:/home/sam/ros2-tutorial-files/ros2_ws/install/python_parameters:/home/sam/ros2-tutorial-files/ros2_ws/install/py_srvcli:/home/sam/ros2-tutorial-files/ros2_ws/install/py_pubsub:/home/sam/ros2-tutorial-files/ros2_ws/install/my_package:/opt/ros/humble /usr/bin/cmake /home/sam/ros2-tutorial-files/ros2_ws/src/cpp_pubsub -DCMAKE_INSTALL_PREFIX=/home/sam/ros2-tutorial-files/ros2_ws/install/cpp_pubsub
[0.065s] -- The C compiler identification is GNU 11.3.0
[0.101s] -- The CXX compiler identification is GNU 11.3.0
[0.106s] -- Detecting C compiler ABI info
[0.157s] -- Detecting C compiler ABI info - done
[0.163s] -- Check for working C compiler: /usr/bin/cc - skipped
[0.163s] -- Detecting C compile features
[0.163s] -- Detecting C compile features - done
[0.165s] -- Detecting CXX compiler ABI info
[0.233s] -- Detecting CXX compiler ABI info - done
[0.239s] -- Check for working CXX compiler: /usr/bin/c++ - skipped
[0.239s] -- Detecting CXX compile features
[0.239s] -- Detecting CXX compile features - done
[0.241s] -- Found ament_cmake: 1.3.3 (/opt/ros/humble/share/ament_cmake/cmake)
[0.367s] -- Found Python3: /usr/bin/python3.10 (found version "3.10.6") found components: Interpreter 
[0.436s] -- Found rclcpp: 16.0.2 (/opt/ros/humble/share/rclcpp/cmake)
[0.472s] -- Found rosidl_generator_c: 3.1.4 (/opt/ros/humble/share/rosidl_generator_c/cmake)
[0.475s] -- Found rosidl_adapter: 3.1.4 (/opt/ros/humble/share/rosidl_adapter/cmake)
[0.481s] -- Found rosidl_generator_cpp: 3.1.4 (/opt/ros/humble/share/rosidl_generator_cpp/cmake)
[0.491s] -- Using all available rosidl_typesupport_c: rosidl_typesupport_fastrtps_c;rosidl_typesupport_introspection_c
[0.505s] -- Using all available rosidl_typesupport_cpp: rosidl_typesupport_fastrtps_cpp;rosidl_typesupport_introspection_cpp
[0.559s] -- Found rmw_implementation_cmake: 6.1.1 (/opt/ros/humble/share/rmw_implementation_cmake/cmake)
[0.570s] -- Found rmw_fastrtps_cpp: 6.2.2 (/opt/ros/humble/share/rmw_fastrtps_cpp/cmake)
[0.644s] -- Found OpenSSL: /usr/lib/x86_64-linux-gnu/libcrypto.so (found version "3.0.2")  
[0.670s] -- Found FastRTPS: /opt/ros/humble/include  
[0.705s] -- Using RMW implementation 'rmw_fastrtps_cpp' as default
[0.712s] -- Looking for pthread.h
[0.762s] -- Looking for pthread.h - found
[0.762s] -- Performing Test CMAKE_HAVE_LIBC_PTHREAD
[0.810s] -- Performing Test CMAKE_HAVE_LIBC_PTHREAD - Success
[0.811s] -- Found Threads: TRUE  
[0.959s] -- Found ament_lint_auto: 0.12.4 (/opt/ros/humble/share/ament_lint_auto/cmake)
[1.013s] -- Added test 'cppcheck' to perform static code analysis on C / C++ code
[1.013s] -- Configured cppcheck include dirs: 
[1.013s] -- Configured cppcheck exclude dirs and/or files: 
[1.013s] -- Added test 'lint_cmake' to check CMake code style
[1.014s] -- Added test 'uncrustify' to check C / C++ code style
[1.014s] -- Configured uncrustify additional arguments: 
[1.014s] -- Added test 'xmllint' to check XML markup files
[1.015s] -- Configuring done
[1.025s] -- Generating done
[1.029s] -- Build files have been written to: /home/sam/ros2-tutorial-files/ros2_ws/build/cpp_pubsub
[1.048s] Invoked command in '/home/sam/ros2-tutorial-files/ros2_ws/build/cpp_pubsub' returned '0': CMAKE_PREFIX_PATH=${CMAKE_PREFIX_PATH}:/home/sam/ros2-tutorial-files/ros2_ws/install/python_parameters:/home/sam/ros2-tutorial-files/ros2_ws/install/py_srvcli:/home/sam/ros2-tutorial-files/ros2_ws/install/py_pubsub:/home/sam/ros2-tutorial-files/ros2_ws/install/my_package:/opt/ros/humble /usr/bin/cmake /home/sam/ros2-tutorial-files/ros2_ws/src/cpp_pubsub -DCMAKE_INSTALL_PREFIX=/home/sam/ros2-tutorial-files/ros2_ws/install/cpp_pubsub
[1.053s] Invoking command in '/home/sam/ros2-tutorial-files/ros2_ws/build/cpp_pubsub': CMAKE_PREFIX_PATH=${CMAKE_PREFIX_PATH}:/home/sam/ros2-tutorial-files/ros2_ws/install/python_parameters:/home/sam/ros2-tutorial-files/ros2_ws/install/py_srvcli:/home/sam/ros2-tutorial-files/ros2_ws/install/py_pubsub:/home/sam/ros2-tutorial-files/ros2_ws/install/my_package:/opt/ros/humble /usr/bin/cmake --build /home/sam/ros2-tutorial-files/ros2_ws/build/cpp_pubsub -- -j6 -l6
[1.087s] [ 50%] [32mBuilding CXX object CMakeFiles/listener_with_topic_statistics.dir/src/member_function_with_topic_statistics.cpp.o[0m
[1.087s] [ 50%] [32mBuilding CXX object CMakeFiles/listener.dir/src/subscriber_member_function.cpp.o[0m
[1.087s] [ 50%] [32mBuilding CXX object CMakeFiles/talker.dir/src/publisher_member_function.cpp.o[0m
[4.886s] [ 66%] [32m[1mLinking CXX executable talker[0m
[5.117s] [ 66%] Built target talker
[8.341s] [ 83%] [32m[1mLinking CXX executable listener[0m
[8.452s] [100%] [32m[1mLinking CXX executable listener_with_topic_statistics[0m
[8.685s] [100%] Built target listener
[8.800s] [100%] Built target listener_with_topic_statistics
[8.806s] Invoked command in '/home/sam/ros2-tutorial-files/ros2_ws/build/cpp_pubsub' returned '0': CMAKE_PREFIX_PATH=${CMAKE_PREFIX_PATH}:/home/sam/ros2-tutorial-files/ros2_ws/install/python_parameters:/home/sam/ros2-tutorial-files/ros2_ws/install/py_srvcli:/home/sam/ros2-tutorial-files/ros2_ws/install/py_pubsub:/home/sam/ros2-tutorial-files/ros2_ws/install/my_package:/opt/ros/humble /usr/bin/cmake --build /home/sam/ros2-tutorial-files/ros2_ws/build/cpp_pubsub -- -j6 -l6
[8.837s] Invoking command in '/home/sam/ros2-tutorial-files/ros2_ws/build/cpp_pubsub': CMAKE_PREFIX_PATH=${CMAKE_PREFIX_PATH}:/home/sam/ros2-tutorial-files/ros2_ws/install/python_parameters:/home/sam/ros2-tutorial-files/ros2_ws/install/py_srvcli:/home/sam/ros2-tutorial-files/ros2_ws/install/py_pubsub:/home/sam/ros2-tutorial-files/ros2_ws/install/my_package:/opt/ros/humble /usr/bin/cmake --install /home/sam/ros2-tutorial-files/ros2_ws/build/cpp_pubsub
[8.842s] -- Install configuration: ""
[8.842s] -- Installing: /home/sam/ros2-tutorial-files/ros2_ws/install/cpp_pubsub/lib/cpp_pubsub/talker
[8.843s] -- Set runtime path of "/home/sam/ros2-tutorial-files/ros2_ws/install/cpp_pubsub/lib/cpp_pubsub/talker" to ""
[8.843s] -- Installing: /home/sam/ros2-tutorial-files/ros2_ws/install/cpp_pubsub/lib/cpp_pubsub/listener
[8.845s] -- Set runtime path of "/home/sam/ros2-tutorial-files/ros2_ws/install/cpp_pubsub/lib/cpp_pubsub/listener" to ""
[8.845s] -- Installing: /home/sam/ros2-tutorial-files/ros2_ws/install/cpp_pubsub/lib/cpp_pubsub/listener_with_topic_statistics
[8.847s] -- Set runtime path of "/home/sam/ros2-tutorial-files/ros2_ws/install/cpp_pubsub/lib/cpp_pubsub/listener_with_topic_statistics" to ""
[8.847s] -- Installing: /home/sam/ros2-tutorial-files/ros2_ws/install/cpp_pubsub/share/ament_index/resource_index/package_run_dependencies/cpp_pubsub
[8.847s] -- Installing: /home/sam/ros2-tutorial-files/ros2_ws/install/cpp_pubsub/share/ament_index/resource_index/parent_prefix_path/cpp_pubsub
[8.847s] -- Installing: /home/sam/ros2-tutorial-files/ros2_ws/install/cpp_pubsub/share/cpp_pubsub/environment/ament_prefix_path.sh
[8.848s] -- Installing: /home/sam/ros2-tutorial-files/ros2_ws/install/cpp_pubsub/share/cpp_pubsub/environment/ament_prefix_path.dsv
[8.848s] -- Installing: /home/sam/ros2-tutorial-files/ros2_ws/install/cpp_pubsub/share/cpp_pubsub/environment/path.sh
[8.848s] -- Installing: /home/sam/ros2-tutorial-files/ros2_ws/install/cpp_pubsub/share/cpp_pubsub/environment/path.dsv
[8.848s] -- Installing: /home/sam/ros2-tutorial-files/ros2_ws/install/cpp_pubsub/share/cpp_pubsub/local_setup.bash
[8.848s] -- Installing: /home/sam/ros2-tutorial-files/ros2_ws/install/cpp_pubsub/share/cpp_pubsub/local_setup.sh
[8.848s] -- Installing: /home/sam/ros2-tutorial-files/ros2_ws/install/cpp_pubsub/share/cpp_pubsub/local_setup.zsh
[8.848s] -- Installing: /home/sam/ros2-tutorial-files/ros2_ws/install/cpp_pubsub/share/cpp_pubsub/local_setup.dsv
[8.849s] -- Installing: /home/sam/ros2-tutorial-files/ros2_ws/install/cpp_pubsub/share/cpp_pubsub/package.dsv
[8.849s] -- Installing: /home/sam/ros2-tutorial-files/ros2_ws/install/cpp_pubsub/share/ament_index/resource_index/packages/cpp_pubsub
[8.849s] -- Installing: /home/sam/ros2-tutorial-files/ros2_ws/install/cpp_pubsub/share/cpp_pubsub/cmake/cpp_pubsubConfig.cmake
[8.849s] -- Installing: /home/sam/ros2-tutorial-files/ros2_ws/install/cpp_pubsub/share/cpp_pubsub/cmake/cpp_pubsubConfig-version.cmake
[8.849s] -- Installing: /home/sam/ros2-tutorial-files/ros2_ws/install/cpp_pubsub/share/cpp_pubsub/package.xml
[8.851s] Invoked command in '/home/sam/ros2-tutorial-files/ros2_ws/build/cpp_pubsub' returned '0': CMAKE_PREFIX_PATH=${CMAKE_PREFIX_PATH}:/home/sam/ros2-tutorial-files/ros2_ws/install/python_parameters:/home/sam/ros2-tutorial-files/ros2_ws/install/py_srvcli:/home/sam/ros2-tutorial-files/ros2_ws/install/py_pubsub:/home/sam/ros2-tutorial-files/ros2_ws/install/my_package:/opt/ros/humble /usr/bin/cmake --install /home/sam/ros2-tutorial-files/ros2_ws/build/cpp_pubsub
