[0.010s] Invoking command in '/home/sam/ros2-tutorial-files/ros2_ws/build/learning_tf2_cpp': CMAKE_PREFIX_PATH=/home/sam/ros2-tutorial-files/launch_ws/install/py_launch_example:/home/sam/ros2-tutorial-files/launch_ws/install/launch_tutorial:/opt/ros/humble /usr/bin/cmake --build /home/sam/ros2-tutorial-files/ros2_ws/build/learning_tf2_cpp -- -j6 -l6
[0.030s] -- Found ament_cmake: 1.3.3 (/opt/ros/humble/share/ament_cmake/cmake)
[0.150s] -- Found geometry_msgs: 4.2.2 (/opt/ros/humble/share/geometry_msgs/cmake)
[0.169s] -- Found rosidl_generator_c: 3.1.4 (/opt/ros/humble/share/rosidl_generator_c/cmake)
[0.170s] -- Found rosidl_adapter: 3.1.4 (/opt/ros/humble/share/rosidl_adapter/cmake)
[0.175s] -- Found rosidl_generator_cpp: 3.1.4 (/opt/ros/humble/share/rosidl_generator_cpp/cmake)
[0.183s] -- Using all available rosidl_typesupport_c: rosidl_typesupport_fastrtps_c;rosidl_typesupport_introspection_c
[0.195s] -- Using all available rosidl_typesupport_cpp: rosidl_typesupport_fastrtps_cpp;rosidl_typesupport_introspection_cpp
[0.301s] -- Found rclcpp: 16.0.2 (/opt/ros/humble/share/rclcpp/cmake)
[0.339s] -- Found rmw_implementation_cmake: 6.1.1 (/opt/ros/humble/share/rmw_implementation_cmake/cmake)
[0.340s] -- Found rmw_fastrtps_cpp: 6.2.2 (/opt/ros/humble/share/rmw_fastrtps_cpp/cmake)
[0.431s] -- Using RMW implementation 'rmw_fastrtps_cpp' as default
[0.539s] -- Found tf2: 0.25.1 (/opt/ros/humble/share/tf2/cmake)
[0.545s] -- Found tf2_ros: 0.25.1 (/opt/ros/humble/share/tf2_ros/cmake)
[0.817s] -- Found turtlesim: 1.4.2 (/opt/ros/humble/share/turtlesim/cmake)
[0.862s] -- Found ament_lint_auto: 0.12.4 (/opt/ros/humble/share/ament_lint_auto/cmake)
[0.932s] -- Added test 'cppcheck' to perform static code analysis on C / C++ code
[0.932s] -- Configured cppcheck include dirs: 
[0.932s] -- Configured cppcheck exclude dirs and/or files: 
[0.932s] -- Added test 'flake8' to check Python code syntax and style conventions
[0.932s] -- Added test 'lint_cmake' to check CMake code style
[0.933s] -- Added test 'pep257' to check Python code against some of the docstring style conventions in PEP 257
[0.933s] -- Added test 'uncrustify' to check C / C++ code style
[0.934s] -- Configured uncrustify additional arguments: 
[0.934s] -- Added test 'xmllint' to check XML markup files
[0.934s] -- Configuring done
[0.946s] -- Generating done
[0.948s] -- Build files have been written to: /home/sam/ros2-tutorial-files/ros2_ws/build/learning_tf2_cpp
[0.968s] [35m[1mConsolidate compiler generated dependencies of target static_turtle_tf2_broadcaster[0m
[0.974s] [ 25%] [32mBuilding CXX object CMakeFiles/turtle_tf2_broadcaster.dir/src/turtle_tf2_broadcaster.cpp.o[0m
[0.978s] [ 75%] Built target static_turtle_tf2_broadcaster
[7.859s] [100%] [32m[1mLinking CXX executable turtle_tf2_broadcaster[0m
[8.212s] [100%] Built target turtle_tf2_broadcaster
[8.221s] Invoked command in '/home/sam/ros2-tutorial-files/ros2_ws/build/learning_tf2_cpp' returned '0': CMAKE_PREFIX_PATH=/home/sam/ros2-tutorial-files/launch_ws/install/py_launch_example:/home/sam/ros2-tutorial-files/launch_ws/install/launch_tutorial:/opt/ros/humble /usr/bin/cmake --build /home/sam/ros2-tutorial-files/ros2_ws/build/learning_tf2_cpp -- -j6 -l6
[8.244s] Invoking command in '/home/sam/ros2-tutorial-files/ros2_ws/build/learning_tf2_cpp': CMAKE_PREFIX_PATH=/home/sam/ros2-tutorial-files/launch_ws/install/py_launch_example:/home/sam/ros2-tutorial-files/launch_ws/install/launch_tutorial:/opt/ros/humble /usr/bin/cmake --install /home/sam/ros2-tutorial-files/ros2_ws/build/learning_tf2_cpp
[8.248s] -- Install configuration: ""
[8.248s] -- Up-to-date: /home/sam/ros2-tutorial-files/ros2_ws/install/learning_tf2_cpp/lib/learning_tf2_cpp/static_turtle_tf2_broadcaster
[8.248s] -- Installing: /home/sam/ros2-tutorial-files/ros2_ws/install/learning_tf2_cpp/lib/learning_tf2_cpp/turtle_tf2_broadcaster
[8.251s] -- Set runtime path of "/home/sam/ros2-tutorial-files/ros2_ws/install/learning_tf2_cpp/lib/learning_tf2_cpp/turtle_tf2_broadcaster" to ""
[8.251s] -- Installing: /home/sam/ros2-tutorial-files/ros2_ws/install/learning_tf2_cpp/share/learning_tf2_cpp/launch
[8.251s] -- Installing: /home/sam/ros2-tutorial-files/ros2_ws/install/learning_tf2_cpp/share/learning_tf2_cpp/launch/turtle_tf2_demo.launch.py
[8.251s] -- Installing: /home/sam/ros2-tutorial-files/ros2_ws/install/learning_tf2_cpp/share/ament_index/resource_index/package_run_dependencies/learning_tf2_cpp
[8.251s] -- Up-to-date: /home/sam/ros2-tutorial-files/ros2_ws/install/learning_tf2_cpp/share/ament_index/resource_index/parent_prefix_path/learning_tf2_cpp
[8.251s] -- Up-to-date: /home/sam/ros2-tutorial-files/ros2_ws/install/learning_tf2_cpp/share/learning_tf2_cpp/environment/ament_prefix_path.sh
[8.251s] -- Installing: /home/sam/ros2-tutorial-files/ros2_ws/install/learning_tf2_cpp/share/learning_tf2_cpp/environment/ament_prefix_path.dsv
[8.251s] -- Up-to-date: /home/sam/ros2-tutorial-files/ros2_ws/install/learning_tf2_cpp/share/learning_tf2_cpp/environment/path.sh
[8.251s] -- Installing: /home/sam/ros2-tutorial-files/ros2_ws/install/learning_tf2_cpp/share/learning_tf2_cpp/environment/path.dsv
[8.252s] -- Up-to-date: /home/sam/ros2-tutorial-files/ros2_ws/install/learning_tf2_cpp/share/learning_tf2_cpp/local_setup.bash
[8.252s] -- Up-to-date: /home/sam/ros2-tutorial-files/ros2_ws/install/learning_tf2_cpp/share/learning_tf2_cpp/local_setup.sh
[8.252s] -- Up-to-date: /home/sam/ros2-tutorial-files/ros2_ws/install/learning_tf2_cpp/share/learning_tf2_cpp/local_setup.zsh
[8.252s] -- Installing: /home/sam/ros2-tutorial-files/ros2_ws/install/learning_tf2_cpp/share/learning_tf2_cpp/local_setup.dsv
[8.252s] -- Installing: /home/sam/ros2-tutorial-files/ros2_ws/install/learning_tf2_cpp/share/learning_tf2_cpp/package.dsv
[8.252s] -- Up-to-date: /home/sam/ros2-tutorial-files/ros2_ws/install/learning_tf2_cpp/share/ament_index/resource_index/packages/learning_tf2_cpp
[8.252s] -- Up-to-date: /home/sam/ros2-tutorial-files/ros2_ws/install/learning_tf2_cpp/share/learning_tf2_cpp/cmake/learning_tf2_cppConfig.cmake
[8.252s] -- Up-to-date: /home/sam/ros2-tutorial-files/ros2_ws/install/learning_tf2_cpp/share/learning_tf2_cpp/cmake/learning_tf2_cppConfig-version.cmake
[8.252s] -- Installing: /home/sam/ros2-tutorial-files/ros2_ws/install/learning_tf2_cpp/share/learning_tf2_cpp/package.xml
[8.253s] Invoked command in '/home/sam/ros2-tutorial-files/ros2_ws/build/learning_tf2_cpp' returned '0': CMAKE_PREFIX_PATH=/home/sam/ros2-tutorial-files/launch_ws/install/py_launch_example:/home/sam/ros2-tutorial-files/launch_ws/install/launch_tutorial:/opt/ros/humble /usr/bin/cmake --install /home/sam/ros2-tutorial-files/ros2_ws/build/learning_tf2_cpp
